2023-01-30 13:53:32,078 - root - INFO - Running experiment it: - 0
2023-01-30 13:53:53,317 - root - INFO -  Performing simulation: 0 
2023-01-30 13:53:53,462 - root - INFO - Activating Custom process - number 0 
2023-01-30 13:53:53,462 - root - INFO - Moving Service 0_01 from 0 to 17 node
2023-01-30 13:53:53,463 - root - INFO - Moving Service 0_02 from 0 to 57 node
2023-01-30 13:53:53,463 - root - INFO - Moving Service 0_03 from 0 to 21 node
2023-01-30 13:53:53,463 - root - INFO - Moving Service 0_04 from 0 to 53 node
2023-01-30 13:53:53,463 - root - INFO - Moving Service 0_05 from 0 to 44 node
2023-01-30 13:53:53,463 - root - INFO - Moving Service 0_06 from 0 to 62 node
2023-01-30 13:53:53,463 - root - INFO - Moving Service 1_01 from 0 to 2 node
2023-01-30 13:53:53,463 - root - INFO - Moving Service 1_02 from 0 to 44 node
2023-01-30 13:53:53,463 - root - INFO - Moving Service 1_03 from 0 to 27 node
2023-01-30 13:53:53,464 - root - INFO - Moving Service 1_04 from 0 to 11 node
2023-01-30 13:53:53,464 - root - INFO - Moving Service 1_05 from 0 to 29 node
2023-01-30 13:53:53,464 - root - INFO - Moving Service 1_06 from 0 to 21 node
2023-01-30 13:53:53,464 - root - INFO - Moving Service 2_01 from 0 to 53 node
2023-01-30 13:53:53,464 - root - INFO - Moving Service 2_02 from 0 to 59 node
2023-01-30 13:53:53,464 - root - INFO - Moving Service 2_03 from 0 to 59 node
2023-01-30 13:53:53,464 - root - INFO - Moving Service 2_04 from 0 to 20 node
2023-01-30 13:53:53,464 - root - INFO - Moving Service 2_05 from 0 to 46 node
2023-01-30 13:53:53,465 - root - INFO - Moving Service 2_06 from 0 to 7 node
2023-01-30 13:53:53,465 - root - INFO - Moving Service 3_01 from 0 to 43 node
2023-01-30 13:53:53,465 - root - INFO - Moving Service 3_02 from 0 to 59 node
2023-01-30 13:53:53,465 - root - INFO - Moving Service 3_04 from 0 to 38 node
2023-01-30 13:53:53,465 - root - INFO - Moving Service 3_05 from 0 to 46 node
2023-01-30 13:53:53,465 - root - INFO - Moving Service 3_06 from 0 to 25 node
2023-01-30 13:53:53,465 - root - INFO - Moving Service 4_01 from 0 to 23 node
2023-01-30 13:53:53,465 - root - INFO - Moving Service 4_02 from 0 to 54 node
2023-01-30 13:53:53,465 - root - INFO - Moving Service 4_03 from 0 to 23 node
2023-01-30 13:53:53,466 - root - INFO - Moving Service 4_04 from 0 to 54 node
2023-01-30 13:53:53,466 - root - INFO - Moving Service 4_05 from 0 to 47 node
2023-01-30 13:53:53,466 - root - INFO - Moving Service 4_06 from 0 to 8 node
2023-01-30 13:53:53,571 - root - INFO - Activating Custom process - number 1 
2023-01-30 13:53:53,571 - root - INFO - Moving Service 3_03 from 0 to 51 node
2023-01-30 13:53:53,571 - root - INFO - Moving Service 1_01 from 2 to 41 node
2023-01-30 13:53:53,572 - root - INFO - Moving Service 2_06 from 7 to 42 node
2023-01-30 13:53:53,572 - root - INFO - Moving Service 4_06 from 8 to 54 node
2023-01-30 13:53:53,572 - root - INFO - Moving Service 1_04 from 11 to 36 node
2023-01-30 13:53:53,572 - root - INFO - Moving Service 0_01 from 17 to 26 node
2023-01-30 13:53:53,572 - root - INFO - Moving Service 2_04 from 20 to 17 node
2023-01-30 13:53:53,572 - root - INFO - Moving Service 0_03 from 21 to 53 node
2023-01-30 13:53:53,572 - root - INFO - Moving Service 1_06 from 21 to 50 node
2023-01-30 13:53:53,572 - root - INFO - Moving Service 4_01 from 23 to 59 node
2023-01-30 13:53:53,573 - root - INFO - Moving Service 4_03 from 23 to 25 node
2023-01-30 13:53:53,573 - root - INFO - Moving Service 3_06 from 25 to 30 node
2023-01-30 13:53:53,573 - root - INFO - Moving Service 1_03 from 27 to 8 node
2023-01-30 13:53:53,573 - root - INFO - Moving Service 1_05 from 29 to 38 node
2023-01-30 13:53:53,573 - root - INFO - Moving Service 3_04 from 38 to 54 node
2023-01-30 13:53:53,573 - root - INFO - Moving Service 3_01 from 43 to 18 node
2023-01-30 13:53:53,573 - root - INFO - Moving Service 0_05 from 44 to 54 node
2023-01-30 13:53:53,574 - root - INFO - Moving Service 1_02 from 44 to 22 node
2023-01-30 13:53:53,574 - root - INFO - Moving Service 2_05 from 46 to 7 node
2023-01-30 13:53:53,574 - root - INFO - Moving Service 3_05 from 46 to 50 node
2023-01-30 13:53:53,574 - root - INFO - Moving Service 4_05 from 47 to 49 node
2023-01-30 13:53:53,574 - root - INFO - Moving Service 0_04 from 53 to 29 node
2023-01-30 13:53:53,574 - root - INFO - Moving Service 2_01 from 53 to 4 node
2023-01-30 13:53:53,574 - root - INFO - Moving Service 4_02 from 54 to 62 node
2023-01-30 13:53:53,575 - root - INFO - Moving Service 4_04 from 54 to 43 node
2023-01-30 13:53:53,575 - root - INFO - Moving Service 0_02 from 57 to 23 node
2023-01-30 13:53:53,575 - root - INFO - Moving Service 2_02 from 59 to 32 node
2023-01-30 13:53:53,575 - root - INFO - Moving Service 2_03 from 59 to 7 node
2023-01-30 13:53:53,575 - root - INFO - Moving Service 3_02 from 59 to 30 node
2023-01-30 13:53:53,575 - root - INFO - Moving Service 0_06 from 62 to 14 node
2023-01-30 13:53:53,576 - yafs.core - CRITICAL - Make sure that this node has been removed or it has all mandatory attributes - Node: DES:63
2023-01-30 13:53:53,577 - yafs.core - CRITICAL - Make sure that this node has been removed or it has all mandatory attributes - Node: DES:47
2023-01-30 13:53:53,577 - yafs.core - WARNING - (#DES:63)	--- Unreacheable DST:	4_(0-5) 
2023-01-30 13:53:53,577 - yafs.core - WARNING - (#DES:47)	--- Unreacheable DST:	1_(0-6) 
2023-01-30 13:53:53,579 - yafs.core - CRITICAL - Make sure that this node has been removed or it has all mandatory attributes - Node: DES:40
2023-01-30 13:53:53,580 - yafs.core - WARNING - (#DES:40)	--- Unreacheable DST:	0_(0-5) 
2023-01-30 13:53:53,581 - yafs.core - CRITICAL - Make sure that this node has been removed or it has all mandatory attributes - Node: DES:45
2023-01-30 13:53:53,581 - yafs.core - CRITICAL - Make sure that this node has been removed or it has all mandatory attributes - Node: DES:57
2023-01-30 13:53:53,581 - yafs.core - WARNING - (#DES:45)	--- Unreacheable DST:	1_(0-4) 
2023-01-30 13:53:53,581 - yafs.core - WARNING - (#DES:57)	--- Unreacheable DST:	3_(0-5) 
2023-01-30 13:53:53,582 - yafs.core - CRITICAL - Make sure that this node has been removed or it has all mandatory attributes - Node: DES:54
2023-01-30 13:53:53,582 - yafs.core - CRITICAL - Make sure that this node has been removed or it has all mandatory attributes - Node: DES:59
2023-01-30 13:53:53,583 - yafs.core - CRITICAL - Make sure that this node has been removed or it has all mandatory attributes - Node: DES:39
2023-01-30 13:53:53,583 - yafs.core - WARNING - (#DES:39)	--- Unreacheable DST:	0_(0-4) 
2023-01-30 13:53:53,584 - yafs.core - CRITICAL - Make sure that this node has been removed or it has all mandatory attributes - Node: DES:52
2023-01-30 13:53:53,584 - yafs.core - WARNING - (#DES:52)	--- Unreacheable DST:	2_(0-5) 
2023-01-30 13:53:53,588 - yafs.core - CRITICAL - Make sure that this node has been removed or it has all mandatory attributes - Node: DES:42
2023-01-30 13:53:53,763 - root - INFO - Activating Custom process - number 2 
2023-01-30 13:53:53,763 - root - INFO - Moving Service 2_01 from 4 to 34 node
2023-01-30 13:53:53,764 - root - INFO - Moving Service 2_03 from 7 to 33 node
2023-01-30 13:53:53,764 - root - INFO - Moving Service 2_05 from 7 to 6 node
2023-01-30 13:53:53,765 - root - INFO - Moving Service 1_03 from 8 to 54 node
2023-01-30 13:53:53,765 - root - INFO - Moving Service 0_06 from 14 to 47 node
2023-01-30 13:53:53,765 - root - INFO - Moving Service 2_04 from 17 to 44 node
2023-01-30 13:53:53,766 - root - INFO - Moving Service 3_01 from 18 to 52 node
2023-01-30 13:53:53,766 - root - INFO - Moving Service 1_02 from 22 to 57 node
2023-01-30 13:53:53,766 - root - INFO - Moving Service 0_02 from 23 to 52 node
2023-01-30 13:53:53,766 - root - INFO - Moving Service 4_03 from 25 to 4 node
2023-01-30 13:53:53,767 - root - INFO - Moving Service 0_01 from 26 to 44 node
2023-01-30 13:53:53,767 - root - INFO - Moving Service 0_04 from 29 to 51 node
2023-01-30 13:53:53,767 - root - INFO - Moving Service 3_02 from 30 to 59 node
2023-01-30 13:53:53,768 - root - INFO - Moving Service 3_06 from 30 to 13 node
2023-01-30 13:53:53,768 - root - INFO - Moving Service 2_02 from 32 to 0 node
2023-01-30 13:53:53,769 - root - INFO - Moving Service 1_04 from 36 to 13 node
2023-01-30 13:53:53,770 - root - INFO - Moving Service 1_05 from 38 to 21 node
2023-01-30 13:53:53,770 - root - INFO - Moving Service 1_01 from 41 to 23 node
2023-01-30 13:53:53,770 - root - INFO - Moving Service 2_06 from 42 to 10 node
2023-01-30 13:53:53,770 - root - INFO - Moving Service 4_04 from 43 to 52 node
2023-01-30 13:53:53,770 - root - INFO - Moving Service 4_05 from 49 to 44 node
2023-01-30 13:53:53,771 - root - INFO - Moving Service 1_06 from 50 to 29 node
2023-01-30 13:53:53,771 - root - INFO - Moving Service 3_05 from 50 to 19 node
2023-01-30 13:53:53,771 - root - INFO - Moving Service 3_03 from 51 to 12 node
2023-01-30 13:53:53,771 - root - INFO - Moving Service 0_03 from 53 to 28 node
2023-01-30 13:53:53,772 - root - INFO - Moving Service 0_05 from 54 to 52 node
2023-01-30 13:53:53,772 - root - INFO - Moving Service 3_04 from 54 to 57 node
2023-01-30 13:53:53,773 - root - INFO - Moving Service 4_06 from 54 to 22 node
2023-01-30 13:53:53,774 - root - INFO - Moving Service 4_01 from 59 to 13 node
2023-01-30 13:53:53,774 - root - INFO - Moving Service 4_02 from 62 to 4 node
2023-01-30 13:53:53,775 - yafs.core - CRITICAL - Make sure that this node has been removed or it has all mandatory attributes - Node: DES:77
2023-01-30 13:53:53,775 - yafs.core - CRITICAL - Make sure that this node has been removed or it has all mandatory attributes - Node: DES:78
2023-01-30 13:53:53,775 - yafs.core - CRITICAL - Make sure that this node has been removed or it has all mandatory attributes - Node: DES:68
2023-01-30 13:53:53,776 - yafs.core - WARNING - (#DES:78)	--- Unreacheable DST:	1_(0-4) 
2023-01-30 13:53:53,776 - yafs.core - CRITICAL - Make sure that this node has been removed or it has all mandatory attributes - Node: DES:73
2023-01-30 13:53:53,776 - yafs.core - WARNING - (#DES:73)	--- Unreacheable DST:	0_(0-4) 
2023-01-30 13:53:53,776 - yafs.core - CRITICAL - Make sure that this node has been removed or it has all mandatory attributes - Node: DES:86
2023-01-30 13:53:53,777 - yafs.core - WARNING - (#DES:86)	--- Unreacheable DST:	4_(0-6) 
2023-01-30 13:53:53,777 - yafs.core - CRITICAL - Make sure that this node has been removed or it has all mandatory attributes - Node: DES:66
2023-01-30 13:53:53,777 - yafs.core - WARNING - (#DES:66)	--- Unreacheable DST:	3_(0-4) 
2023-01-30 13:53:53,779 - yafs.core - CRITICAL - Make sure that this node has been removed or it has all mandatory attributes - Node: DES:74
2023-01-30 13:53:53,780 - yafs.core - CRITICAL - Make sure that this node has been removed or it has all mandatory attributes - Node: DES:95
2023-01-30 13:53:53,782 - yafs.core - CRITICAL - Make sure that this node has been removed or it has all mandatory attributes - Node: DES:90
2023-01-30 13:53:53,782 - yafs.core - WARNING - (#DES:90)	--- Unreacheable DST:	4_(0-5) 
2023-01-30 13:53:53,900 - root - INFO - Activating Custom process - number 3 
2023-01-30 13:53:53,900 - root - INFO - Moving Service 2_02 from 0 to 6 node
2023-01-30 13:53:53,900 - root - INFO - Moving Service 4_02 from 4 to 31 node
2023-01-30 13:53:53,901 - root - INFO - Moving Service 4_03 from 4 to 61 node
2023-01-30 13:53:53,901 - root - INFO - Moving Service 2_05 from 6 to 58 node
2023-01-30 13:53:53,901 - root - INFO - Moving Service 2_06 from 10 to 40 node
2023-01-30 13:53:53,901 - root - INFO - Moving Service 3_03 from 12 to 20 node
2023-01-30 13:53:53,901 - root - INFO - Moving Service 1_04 from 13 to 12 node
2023-01-30 13:53:53,901 - root - INFO - Moving Service 3_06 from 13 to 12 node
2023-01-30 13:53:53,902 - root - INFO - Moving Service 4_01 from 13 to 62 node
2023-01-30 13:53:53,902 - root - INFO - Moving Service 3_05 from 19 to 60 node
2023-01-30 13:53:53,902 - root - INFO - Moving Service 1_05 from 21 to 36 node
2023-01-30 13:53:53,903 - root - INFO - Moving Service 4_06 from 22 to 43 node
2023-01-30 13:53:53,903 - root - INFO - Moving Service 1_01 from 23 to 14 node
2023-01-30 13:53:53,903 - root - INFO - Moving Service 0_03 from 28 to 30 node
2023-01-30 13:53:53,903 - root - INFO - Moving Service 1_06 from 29 to 10 node
2023-01-30 13:53:53,903 - root - INFO - Moving Service 2_03 from 33 to 54 node
2023-01-30 13:53:53,903 - root - INFO - Moving Service 2_01 from 34 to 36 node
2023-01-30 13:53:53,903 - root - INFO - Moving Service 0_01 from 44 to 45 node
2023-01-30 13:53:53,903 - root - INFO - Moving Service 2_04 from 44 to 50 node
2023-01-30 13:53:53,904 - root - INFO - Moving Service 4_05 from 44 to 37 node
2023-01-30 13:53:53,904 - root - INFO - Moving Service 0_06 from 47 to 18 node
2023-01-30 13:53:53,904 - root - INFO - Moving Service 0_04 from 51 to 54 node
2023-01-30 13:53:53,904 - root - INFO - Moving Service 0_02 from 52 to 23 node
2023-01-30 13:53:53,904 - root - INFO - Moving Service 0_05 from 52 to 10 node
2023-01-30 13:53:53,904 - root - INFO - Moving Service 3_01 from 52 to 25 node
2023-01-30 13:53:53,904 - root - INFO - Moving Service 4_04 from 52 to 38 node
2023-01-30 13:53:53,904 - root - INFO - Moving Service 1_03 from 54 to 25 node
2023-01-30 13:53:53,905 - root - INFO - Moving Service 1_02 from 57 to 43 node
2023-01-30 13:53:53,905 - root - INFO - Moving Service 3_04 from 57 to 18 node
2023-01-30 13:53:53,905 - root - INFO - Moving Service 3_02 from 59 to 23 node
2023-01-30 13:53:53,907 - yafs.core - CRITICAL - Make sure that this node has been removed or it has all mandatory attributes - Node: DES:114
2023-01-30 13:53:53,907 - yafs.core - CRITICAL - Make sure that this node has been removed or it has all mandatory attributes - Node: DES:109
2023-01-30 13:53:53,908 - yafs.core - CRITICAL - Make sure that this node has been removed or it has all mandatory attributes - Node: DES:115
2023-01-30 13:53:53,908 - yafs.core - WARNING - (#DES:115)	--- Unreacheable DST:	4_(0-5) 
2023-01-30 13:53:53,909 - yafs.core - CRITICAL - Make sure that this node has been removed or it has all mandatory attributes - Node: DES:117
2023-01-30 13:53:53,910 - yafs.core - CRITICAL - Make sure that this node has been removed or it has all mandatory attributes - Node: DES:101
2023-01-30 13:53:53,910 - yafs.core - WARNING - (#DES:101)	--- Unreacheable DST:	2_(0-5) 
2023-01-30 13:53:53,911 - yafs.core - CRITICAL - Make sure that this node has been removed or it has all mandatory attributes - Node: DES:119
2023-01-30 13:53:53,912 - yafs.core - WARNING - (#DES:119)	--- Unreacheable DST:	3_(0-4) 
2023-01-30 13:53:53,912 - yafs.core - CRITICAL - Make sure that this node has been removed or it has all mandatory attributes - Node: DES:100
2023-01-30 13:53:53,913 - yafs.core - CRITICAL - Make sure that this node has been removed or it has all mandatory attributes - Node: DES:118
2023-01-30 13:53:53,914 - yafs.core - WARNING - (#DES:118)	--- Unreacheable DST:	3_(0-6) 
2023-01-30 13:53:53,916 - yafs.core - CRITICAL - Make sure that this node has been removed or it has all mandatory attributes - Node: DES:120
2023-01-30 13:53:53,916 - yafs.core - WARNING - (#DES:120)	--- Unreacheable DST:	0_(0-4) 
2023-01-30 13:53:53,916 - yafs.core - CRITICAL - Make sure that this node has been removed or it has all mandatory attributes - Node: DES:112
2023-01-30 13:53:53,916 - yafs.core - CRITICAL - Make sure that this node has been removed or it has all mandatory attributes - Node: DES:99
2023-01-30 13:53:53,916 - yafs.core - WARNING - (#DES:112)	--- Unreacheable DST:	1_(0-6) 
2023-01-30 13:53:53,917 - yafs.core - WARNING - (#DES:99)	--- Unreacheable DST:	1_(0-4) 
2023-01-30 13:53:54,032 - root - INFO - Activating Custom process - number 4 
2023-01-30 13:53:54,033 - root - INFO - Moving Service 2_02 from 6 to 17 node
2023-01-30 13:53:54,033 - root - INFO - Moving Service 0_05 from 10 to 60 node
2023-01-30 13:53:54,049 - root - INFO - Moving Service 1_06 from 10 to 59 node
2023-01-30 13:53:54,049 - root - INFO - Moving Service 1_04 from 12 to 35 node
2023-01-30 13:53:54,049 - root - INFO - Moving Service 3_06 from 12 to 14 node
2023-01-30 13:53:54,049 - root - INFO - Moving Service 1_01 from 14 to 51 node
2023-01-30 13:53:54,049 - root - INFO - Moving Service 0_06 from 18 to 37 node
2023-01-30 13:53:54,050 - root - INFO - Moving Service 3_04 from 18 to 49 node
2023-01-30 13:53:54,050 - root - INFO - Moving Service 3_03 from 20 to 34 node
2023-01-30 13:53:54,050 - root - INFO - Moving Service 0_02 from 23 to 8 node
2023-01-30 13:53:54,050 - root - INFO - Moving Service 3_02 from 23 to 60 node
2023-01-30 13:53:54,050 - root - INFO - Moving Service 1_03 from 25 to 56 node
2023-01-30 13:53:54,051 - root - INFO - Moving Service 3_01 from 25 to 2 node
2023-01-30 13:53:54,051 - root - INFO - Moving Service 0_03 from 30 to 50 node
2023-01-30 13:53:54,051 - root - INFO - Moving Service 4_02 from 31 to 25 node
2023-01-30 13:53:54,051 - root - INFO - Moving Service 1_05 from 36 to 50 node
2023-01-30 13:53:54,051 - root - INFO - Moving Service 2_01 from 36 to 56 node
2023-01-30 13:53:54,051 - root - INFO - Moving Service 4_05 from 37 to 53 node
2023-01-30 13:53:54,051 - root - INFO - Moving Service 4_04 from 38 to 56 node
2023-01-30 13:53:54,051 - root - INFO - Moving Service 2_06 from 40 to 26 node
2023-01-30 13:53:54,052 - root - INFO - Moving Service 1_02 from 43 to 55 node
2023-01-30 13:53:54,052 - root - INFO - Moving Service 4_06 from 43 to 59 node
2023-01-30 13:53:54,052 - root - INFO - Moving Service 0_01 from 45 to 57 node
2023-01-30 13:53:54,052 - root - INFO - Moving Service 2_04 from 50 to 26 node
2023-01-30 13:53:54,052 - root - INFO - Moving Service 0_04 from 54 to 48 node
2023-01-30 13:53:54,052 - root - INFO - Moving Service 2_03 from 54 to 39 node
2023-01-30 13:53:54,052 - root - INFO - Moving Service 2_05 from 58 to 37 node
2023-01-30 13:53:54,052 - root - INFO - Moving Service 3_05 from 60 to 38 node
2023-01-30 13:53:54,052 - root - INFO - Moving Service 4_03 from 61 to 25 node
2023-01-30 13:53:54,052 - root - INFO - Moving Service 4_01 from 62 to 13 node
2023-01-30 13:53:54,054 - yafs.core - CRITICAL - Make sure that this node has been removed or it has all mandatory attributes - Node: DES:127
2023-01-30 13:53:54,054 - yafs.core - CRITICAL - Make sure that this node has been removed or it has all mandatory attributes - Node: DES:135
2023-01-30 13:53:54,054 - yafs.core - WARNING - (#DES:127)	--- Unreacheable DST:	4_(0-3) 
2023-01-30 13:53:54,054 - yafs.core - WARNING - (#DES:135)	--- Unreacheable DST:	3_(0-6) 
2023-01-30 13:53:54,055 - yafs.core - CRITICAL - Make sure that this node has been removed or it has all mandatory attributes - Node: DES:139
2023-01-30 13:53:54,055 - yafs.core - WARNING - (#DES:139)	--- Unreacheable DST:	0_(0-4) 
2023-01-30 13:53:54,056 - yafs.core - CRITICAL - Make sure that this node has been removed or it has all mandatory attributes - Node: DES:151
2023-01-30 13:53:54,056 - yafs.core - CRITICAL - Make sure that this node has been removed or it has all mandatory attributes - Node: DES:149
2023-01-30 13:53:54,056 - yafs.core - CRITICAL - Make sure that this node has been removed or it has all mandatory attributes - Node: DES:144
2023-01-30 13:53:54,056 - yafs.core - WARNING - (#DES:151)	--- Unreacheable DST:	4_(0-5) 
2023-01-30 13:53:54,056 - yafs.core - WARNING - (#DES:149)	--- Unreacheable DST:	0_(0-6) 
2023-01-30 13:53:54,056 - yafs.core - WARNING - (#DES:144)	--- Unreacheable DST:	2_(0-5) 
2023-01-30 13:53:54,056 - yafs.core - CRITICAL - Make sure that this node has been removed or it has all mandatory attributes - Node: DES:152
2023-01-30 13:53:54,056 - yafs.core - WARNING - (#DES:152)	--- Unreacheable DST:	1_(0-4) 
2023-01-30 13:53:54,056 - yafs.core - CRITICAL - Make sure that this node has been removed or it has all mandatory attributes - Node: DES:131
2023-01-30 13:53:54,057 - yafs.core - WARNING - (#DES:131)	--- Unreacheable DST:	3_(0-4) 
2023-01-30 13:53:54,059 - yafs.core - CRITICAL - Make sure that this node has been removed or it has all mandatory attributes - Node: DES:130
2023-01-30 13:53:54,160 - root - INFO - Activating Custom process - number 5 
2023-01-30 13:53:54,160 - root - INFO - Moving Service 3_01 from 2 to 46 node
2023-01-30 13:53:54,161 - root - INFO - Moving Service 0_02 from 8 to 43 node
2023-01-30 13:53:54,161 - root - INFO - Moving Service 4_01 from 13 to 12 node
2023-01-30 13:53:54,161 - root - INFO - Moving Service 3_06 from 14 to 37 node
2023-01-30 13:53:54,161 - root - INFO - Moving Service 2_02 from 17 to 7 node
2023-01-30 13:53:54,161 - root - INFO - Moving Service 4_02 from 25 to 1 node
2023-01-30 13:53:54,161 - root - INFO - Moving Service 4_03 from 25 to 10 node
2023-01-30 13:53:54,161 - root - INFO - Moving Service 2_04 from 26 to 1 node
2023-01-30 13:53:54,161 - root - INFO - Moving Service 2_06 from 26 to 49 node
2023-01-30 13:53:54,162 - root - INFO - Moving Service 3_03 from 34 to 4 node
2023-01-30 13:53:54,162 - root - INFO - Moving Service 1_04 from 35 to 10 node
2023-01-30 13:53:54,162 - root - INFO - Moving Service 0_06 from 37 to 59 node
2023-01-30 13:53:54,162 - root - INFO - Moving Service 2_05 from 37 to 11 node
2023-01-30 13:53:54,162 - root - INFO - Moving Service 3_05 from 38 to 19 node
2023-01-30 13:53:54,163 - root - INFO - Moving Service 2_03 from 39 to 7 node
2023-01-30 13:53:54,163 - root - INFO - Moving Service 3_04 from 49 to 13 node
2023-01-30 13:53:54,163 - root - INFO - Moving Service 0_03 from 50 to 60 node
2023-01-30 13:53:54,163 - root - INFO - Moving Service 1_05 from 50 to 35 node
2023-01-30 13:53:54,163 - root - INFO - Moving Service 1_01 from 51 to 62 node
2023-01-30 13:53:54,163 - root - INFO - Moving Service 4_05 from 53 to 18 node
2023-01-30 13:53:54,163 - root - INFO - Moving Service 1_02 from 55 to 49 node
2023-01-30 13:53:54,163 - root - INFO - Moving Service 1_03 from 56 to 27 node
2023-01-30 13:53:54,163 - root - INFO - Moving Service 2_01 from 56 to 61 node
2023-01-30 13:53:54,163 - root - INFO - Moving Service 4_04 from 56 to 12 node
2023-01-30 13:53:54,164 - root - INFO - Moving Service 0_01 from 57 to 45 node
2023-01-30 13:53:54,164 - root - INFO - Moving Service 1_06 from 59 to 40 node
2023-01-30 13:53:54,164 - root - INFO - Moving Service 4_06 from 59 to 20 node
2023-01-30 13:53:54,164 - root - INFO - Moving Service 0_05 from 60 to 59 node
2023-01-30 13:53:54,164 - root - INFO - Moving Service 3_02 from 60 to 13 node
2023-01-30 13:53:54,165 - yafs.core - CRITICAL - Make sure that this node has been removed or it has all mandatory attributes - Node: DES:179
2023-01-30 13:53:54,165 - yafs.core - CRITICAL - Make sure that this node has been removed or it has all mandatory attributes - Node: DES:167
2023-01-30 13:53:54,165 - yafs.core - WARNING - (#DES:179)	--- Unreacheable DST:	2_(0-5) 
2023-01-30 13:53:54,166 - yafs.core - WARNING - (#DES:167)	--- Unreacheable DST:	1_(0-4) 
2023-01-30 13:53:54,166 - yafs.core - CRITICAL - Make sure that this node has been removed or it has all mandatory attributes - Node: DES:164
2023-01-30 13:53:54,166 - yafs.core - WARNING - (#DES:164)	--- Unreacheable DST:	3_(0-4) 
2023-01-30 13:53:54,167 - yafs.core - CRITICAL - Make sure that this node has been removed or it has all mandatory attributes - Node: DES:174
2023-01-30 13:53:54,168 - yafs.core - CRITICAL - Make sure that this node has been removed or it has all mandatory attributes - Node: DES:156
2023-01-30 13:53:54,168 - yafs.core - CRITICAL - Make sure that this node has been removed or it has all mandatory attributes - Node: DES:171
2023-01-30 13:53:54,168 - yafs.core - WARNING - (#DES:174)	--- Unreacheable DST:	4_(0-5) 
2023-01-30 13:53:54,168 - yafs.core - WARNING - (#DES:156)	--- Unreacheable DST:	2_(0-3) 
2023-01-30 13:53:54,168 - yafs.core - WARNING - (#DES:171)	--- Unreacheable DST:	1_(0-6) 
2023-01-30 13:53:54,168 - yafs.core - CRITICAL - Make sure that this node has been removed or it has all mandatory attributes - Node: DES:175
2023-01-30 13:53:54,169 - yafs.core - CRITICAL - Make sure that this node has been removed or it has all mandatory attributes - Node: DES:162
2023-01-30 13:53:54,169 - yafs.core - CRITICAL - Make sure that this node has been removed or it has all mandatory attributes - Node: DES:165
2023-01-30 13:53:54,169 - yafs.core - WARNING - (#DES:165)	--- Unreacheable DST:	0_(0-3) 
2023-01-30 13:53:54,170 - yafs.core - CRITICAL - Make sure that this node has been removed or it has all mandatory attributes - Node: DES:177
2023-01-30 13:53:54,170 - yafs.core - CRITICAL - Make sure that this node has been removed or it has all mandatory attributes - Node: DES:183
2023-01-30 13:53:54,171 - yafs.core - WARNING - (#DES:183)	--- Unreacheable DST:	3_(0-6) 
2023-01-30 13:53:54,171 - yafs.core - CRITICAL - Make sure that this node has been removed or it has all mandatory attributes - Node: DES:157
2023-01-30 13:53:54,171 - yafs.core - WARNING - (#DES:157)	--- Unreacheable DST:	0_(0-6) 
2023-01-30 13:53:54,259 - root - INFO - Activating Custom process - number 6 
2023-01-30 13:53:54,260 - root - INFO - Moving Service 2_04 from 1 to 31 node
2023-01-30 13:53:54,260 - root - INFO - Moving Service 4_02 from 1 to 8 node
2023-01-30 13:53:54,260 - root - INFO - Moving Service 3_03 from 4 to 15 node
2023-01-30 13:53:54,261 - root - INFO - Moving Service 2_02 from 7 to 61 node
2023-01-30 13:53:54,261 - root - INFO - Moving Service 2_03 from 7 to 22 node
2023-01-30 13:53:54,261 - root - INFO - Moving Service 1_04 from 10 to 1 node
2023-01-30 13:53:54,262 - root - INFO - Moving Service 4_03 from 10 to 61 node
2023-01-30 13:53:54,262 - root - INFO - Moving Service 2_05 from 11 to 58 node
2023-01-30 13:53:54,262 - root - INFO - Moving Service 4_01 from 12 to 52 node
2023-01-30 13:53:54,262 - root - INFO - Moving Service 4_04 from 12 to 18 node
2023-01-30 13:53:54,262 - root - INFO - Moving Service 3_02 from 13 to 31 node
2023-01-30 13:53:54,262 - root - INFO - Moving Service 3_04 from 13 to 33 node
2023-01-30 13:53:54,262 - root - INFO - Moving Service 4_05 from 18 to 49 node
2023-01-30 13:53:54,262 - root - INFO - Moving Service 3_05 from 19 to 51 node
2023-01-30 13:53:54,263 - root - INFO - Moving Service 4_06 from 20 to 2 node
2023-01-30 13:53:54,263 - root - INFO - Moving Service 1_03 from 27 to 37 node
2023-01-30 13:53:54,263 - root - INFO - Moving Service 1_05 from 35 to 50 node
2023-01-30 13:53:54,263 - root - INFO - Moving Service 3_06 from 37 to 25 node
2023-01-30 13:53:54,263 - root - INFO - Moving Service 1_06 from 40 to 8 node
2023-01-30 13:53:54,264 - root - INFO - Moving Service 0_02 from 43 to 62 node
2023-01-30 13:53:54,264 - root - INFO - Moving Service 0_01 from 45 to 9 node
2023-01-30 13:53:54,264 - root - INFO - Moving Service 3_01 from 46 to 6 node
2023-01-30 13:53:54,264 - root - INFO - Moving Service 0_04 from 48 to 33 node
2023-01-30 13:53:54,264 - root - INFO - Moving Service 1_02 from 49 to 17 node
2023-01-30 13:53:54,264 - root - INFO - Moving Service 2_06 from 49 to 12 node
2023-01-30 13:53:54,264 - root - INFO - Moving Service 0_05 from 59 to 50 node
2023-01-30 13:53:54,265 - root - INFO - Moving Service 0_06 from 59 to 24 node
2023-01-30 13:53:54,265 - root - INFO - Moving Service 0_03 from 60 to 26 node
2023-01-30 13:53:54,265 - root - INFO - Moving Service 2_01 from 61 to 56 node
2023-01-30 13:53:54,265 - root - INFO - Moving Service 1_01 from 62 to 24 node
2023-01-30 13:53:54,266 - yafs.core - CRITICAL - Make sure that this node has been removed or it has all mandatory attributes - Node: DES:199
2023-01-30 13:53:54,267 - yafs.core - WARNING - (#DES:199)	--- Unreacheable DST:	3_(0-6) 
2023-01-30 13:53:54,267 - yafs.core - CRITICAL - Make sure that this node has been removed or it has all mandatory attributes - Node: DES:195
2023-01-30 13:53:54,267 - yafs.core - WARNING - (#DES:195)	--- Unreacheable DST:	3_(0-4) 
2023-01-30 13:53:54,267 - yafs.core - CRITICAL - Make sure that this node has been removed or it has all mandatory attributes - Node: DES:203
2023-01-30 13:53:54,268 - yafs.core - WARNING - (#DES:203)	--- Unreacheable DST:	1_(0-6) 
2023-01-30 13:53:54,268 - yafs.core - CRITICAL - Make sure that this node has been removed or it has all mandatory attributes - Node: DES:207
2023-01-30 13:53:54,269 - yafs.core - WARNING - (#DES:207)	--- Unreacheable DST:	1_(0-4) 
2023-01-30 13:53:54,269 - yafs.core - CRITICAL - Make sure that this node has been removed or it has all mandatory attributes - Node: DES:198
2023-01-30 13:53:54,269 - yafs.core - WARNING - (#DES:198)	--- Unreacheable DST:	2_(0-6) 
2023-01-30 13:53:54,269 - yafs.core - CRITICAL - Make sure that this node has been removed or it has all mandatory attributes - Node: DES:180
2023-01-30 13:53:54,270 - yafs.core - WARNING - (#DES:180)	--- Unreacheable DST:	0_(0-5) 
2023-01-30 13:53:54,270 - yafs.core - CRITICAL - Make sure that this node has been removed or it has all mandatory attributes - Node: DES:205
2023-01-30 13:53:54,270 - yafs.core - WARNING - (#DES:205)	--- Unreacheable DST:	4_(0-6) 
2023-01-30 13:53:54,371 - root - INFO - Activating Custom process - number 7 
2023-01-30 13:53:54,371 - root - INFO - Moving Service 1_04 from 1 to 35 node
2023-01-30 13:53:54,372 - root - INFO - Moving Service 4_06 from 2 to 49 node
2023-01-30 13:53:54,372 - root - INFO - Moving Service 3_01 from 6 to 16 node
2023-01-30 13:53:54,372 - root - INFO - Moving Service 1_06 from 8 to 2 node
2023-01-30 13:53:54,372 - root - INFO - Moving Service 4_02 from 8 to 15 node
2023-01-30 13:53:54,372 - root - INFO - Moving Service 0_01 from 9 to 26 node
2023-01-30 13:53:54,372 - root - INFO - Moving Service 2_06 from 12 to 25 node
2023-01-30 13:53:54,373 - root - INFO - Moving Service 3_03 from 15 to 44 node
2023-01-30 13:53:54,373 - root - INFO - Moving Service 1_02 from 17 to 52 node
2023-01-30 13:53:54,373 - root - INFO - Moving Service 4_04 from 18 to 4 node
2023-01-30 13:53:54,373 - root - INFO - Moving Service 0_06 from 24 to 38 node
2023-01-30 13:53:54,373 - root - INFO - Moving Service 1_01 from 24 to 2 node
2023-01-30 13:53:54,373 - root - INFO - Moving Service 3_06 from 25 to 22 node
2023-01-30 13:53:54,373 - root - INFO - Moving Service 0_03 from 26 to 17 node
2023-01-30 13:53:54,373 - root - INFO - Moving Service 2_04 from 31 to 22 node
2023-01-30 13:53:54,374 - root - INFO - Moving Service 3_02 from 31 to 38 node
2023-01-30 13:53:54,374 - root - INFO - Moving Service 0_04 from 33 to 12 node
2023-01-30 13:53:54,374 - root - INFO - Moving Service 3_04 from 33 to 30 node
2023-01-30 13:53:54,374 - root - INFO - Moving Service 1_03 from 37 to 3 node
2023-01-30 13:53:54,374 - root - INFO - Moving Service 4_05 from 49 to 48 node
2023-01-30 13:53:54,374 - root - INFO - Moving Service 0_05 from 50 to 57 node
2023-01-30 13:53:54,375 - root - INFO - Moving Service 1_05 from 50 to 59 node
2023-01-30 13:53:54,375 - root - INFO - Moving Service 3_05 from 51 to 16 node
2023-01-30 13:53:54,375 - root - INFO - Moving Service 4_01 from 52 to 36 node
2023-01-30 13:53:54,375 - root - INFO - Moving Service 2_01 from 56 to 22 node
2023-01-30 13:53:54,375 - root - INFO - Moving Service 2_05 from 58 to 49 node
2023-01-30 13:53:54,375 - root - INFO - Moving Service 2_02 from 61 to 49 node
2023-01-30 13:53:54,375 - root - INFO - Moving Service 4_03 from 61 to 48 node
2023-01-30 13:53:54,375 - root - INFO - Moving Service 0_02 from 62 to 14 node
2023-01-30 13:53:54,377 - yafs.core - CRITICAL - Make sure that this node has been removed or it has all mandatory attributes - Node: DES:227
2023-01-30 13:53:54,377 - yafs.core - CRITICAL - Make sure that this node has been removed or it has all mandatory attributes - Node: DES:226
2023-01-30 13:53:54,377 - yafs.core - WARNING - (#DES:227)	--- Unreacheable DST:	4_(0-6) 
2023-01-30 13:53:54,377 - yafs.core - WARNING - (#DES:226)	--- Unreacheable DST:	3_(0-5) 
2023-01-30 13:53:54,377 - yafs.core - CRITICAL - Make sure that this node has been removed or it has all mandatory attributes - Node: DES:221
2023-01-30 13:53:54,378 - yafs.core - WARNING - (#DES:221)	--- Unreacheable DST:	4_(0-4) 
2023-01-30 13:53:54,378 - yafs.core - CRITICAL - Make sure that this node has been removed or it has all mandatory attributes - Node: DES:233
2023-01-30 13:53:54,378 - yafs.core - CRITICAL - Make sure that this node has been removed or it has all mandatory attributes - Node: DES:242
2023-01-30 13:53:54,379 - yafs.core - WARNING - (#DES:242)	--- Unreacheable DST:	0_(0-4) 
2023-01-30 13:53:54,379 - yafs.core - CRITICAL - Make sure that this node has been removed or it has all mandatory attributes - Node: DES:220
2023-01-30 13:53:54,379 - yafs.core - WARNING - (#DES:220)	--- Unreacheable DST:	1_(0-5) 
2023-01-30 13:53:54,380 - yafs.core - CRITICAL - Make sure that this node has been removed or it has all mandatory attributes - Node: DES:222
2023-01-30 13:53:54,381 - yafs.core - WARNING - (#DES:222)	--- Unreacheable DST:	2_(0-6) 
2023-01-30 13:53:54,382 - yafs.core - CRITICAL - Make sure that this node has been removed or it has all mandatory attributes - Node: DES:240
2023-01-30 13:53:54,382 - yafs.core - WARNING - (#DES:240)	--- Unreacheable DST:	0_(0-6) 
2023-01-30 13:53:54,478 - root - INFO - Activating Custom process - number 8 
2023-01-30 13:53:54,479 - root - INFO - Moving Service 1_01 from 2 to 53 node
2023-01-30 13:53:54,479 - root - INFO - Moving Service 1_06 from 2 to 28 node
2023-01-30 13:53:54,479 - root - INFO - Moving Service 1_03 from 3 to 10 node
2023-01-30 13:53:54,479 - root - INFO - Moving Service 4_04 from 4 to 24 node
2023-01-30 13:53:54,479 - root - INFO - Moving Service 0_04 from 12 to 62 node
2023-01-30 13:53:54,480 - root - INFO - Moving Service 0_02 from 14 to 45 node
2023-01-30 13:53:54,480 - root - INFO - Moving Service 4_02 from 15 to 51 node
2023-01-30 13:53:54,480 - root - INFO - Moving Service 3_01 from 16 to 29 node
2023-01-30 13:53:54,480 - root - INFO - Moving Service 3_05 from 16 to 37 node
2023-01-30 13:53:54,480 - root - INFO - Moving Service 0_03 from 17 to 1 node
2023-01-30 13:53:54,480 - root - INFO - Moving Service 2_01 from 22 to 62 node
2023-01-30 13:53:54,481 - root - INFO - Moving Service 2_03 from 22 to 25 node
2023-01-30 13:53:54,481 - root - INFO - Moving Service 2_04 from 22 to 7 node
2023-01-30 13:53:54,481 - root - INFO - Moving Service 3_06 from 22 to 8 node
2023-01-30 13:53:54,481 - root - INFO - Moving Service 2_06 from 25 to 46 node
2023-01-30 13:53:54,481 - root - INFO - Moving Service 0_01 from 26 to 17 node
2023-01-30 13:53:54,481 - root - INFO - Moving Service 3_04 from 30 to 46 node
2023-01-30 13:53:54,481 - root - INFO - Moving Service 1_04 from 35 to 20 node
2023-01-30 13:53:54,482 - root - INFO - Moving Service 4_01 from 36 to 1 node
2023-01-30 13:53:54,482 - root - INFO - Moving Service 0_06 from 38 to 35 node
2023-01-30 13:53:54,482 - root - INFO - Moving Service 3_02 from 38 to 39 node
2023-01-30 13:53:54,483 - root - INFO - Moving Service 3_03 from 44 to 45 node
2023-01-30 13:53:54,483 - root - INFO - Moving Service 4_03 from 48 to 59 node
2023-01-30 13:53:54,483 - root - INFO - Moving Service 4_05 from 48 to 21 node
2023-01-30 13:53:54,483 - root - INFO - Moving Service 2_02 from 49 to 55 node
2023-01-30 13:53:54,483 - root - INFO - Moving Service 2_05 from 49 to 55 node
2023-01-30 13:53:54,484 - root - INFO - Moving Service 4_06 from 49 to 5 node
2023-01-30 13:53:54,484 - root - INFO - Moving Service 1_02 from 52 to 35 node
2023-01-30 13:53:54,484 - root - INFO - Moving Service 0_05 from 57 to 23 node
2023-01-30 13:53:54,484 - root - INFO - Moving Service 1_05 from 59 to 14 node
2023-01-30 13:53:54,485 - yafs.core - CRITICAL - Make sure that this node has been removed or it has all mandatory attributes - Node: DES:251
2023-01-30 13:53:54,485 - yafs.core - CRITICAL - Make sure that this node has been removed or it has all mandatory attributes - Node: DES:252
2023-01-30 13:53:54,486 - yafs.core - WARNING - (#DES:252)	--- Unreacheable DST:	3_(0-4) 
2023-01-30 13:53:54,486 - yafs.core - CRITICAL - Make sure that this node has been removed or it has all mandatory attributes - Node: DES:267
2023-01-30 13:53:54,486 - yafs.core - WARNING - (#DES:267)	--- Unreacheable DST:	3_(0-6) 
2023-01-30 13:53:54,487 - yafs.core - CRITICAL - Make sure that this node has been removed or it has all mandatory attributes - Node: DES:258
2023-01-30 13:53:54,487 - yafs.core - WARNING - (#DES:258)	--- Unreacheable DST:	0_(0-4) 
2023-01-30 13:53:54,487 - yafs.core - CRITICAL - Make sure that this node has been removed or it has all mandatory attributes - Node: DES:272
2023-01-30 13:53:54,488 - yafs.core - WARNING - (#DES:272)	--- Unreacheable DST:	4_(0-4) 
2023-01-30 13:53:54,488 - yafs.core - CRITICAL - Make sure that this node has been removed or it has all mandatory attributes - Node: DES:219
2023-01-30 13:53:54,488 - yafs.core - WARNING - (#DES:219)	--- Unreacheable DST:	2_(0-4) 
2023-01-30 13:53:54,489 - yafs.core - CRITICAL - Make sure that this node has been removed or it has all mandatory attributes - Node: DES:266
2023-01-30 13:53:54,489 - yafs.core - WARNING - (#DES:266)	--- Unreacheable DST:	1_(0-6) 
2023-01-30 13:53:54,490 - yafs.core - CRITICAL - Make sure that this node has been removed or it has all mandatory attributes - Node: DES:264
2023-01-30 13:53:54,490 - yafs.core - WARNING - (#DES:264)	--- Unreacheable DST:	4_(0-6) 
2023-01-30 13:53:54,491 - yafs.core - CRITICAL - Make sure that this node has been removed or it has all mandatory attributes - Node: DES:255
2023-01-30 13:53:54,593 - root - INFO - Activating Custom process - number 9 
2023-01-30 13:53:54,593 - root - INFO - Moving Service 0_03 from 1 to 60 node
2023-01-30 13:53:54,593 - root - INFO - Moving Service 4_06 from 5 to 61 node
2023-01-30 13:53:54,594 - root - INFO - Moving Service 2_04 from 7 to 5 node
2023-01-30 13:53:54,594 - root - INFO - Moving Service 3_06 from 8 to 4 node
2023-01-30 13:53:54,594 - root - INFO - Moving Service 1_03 from 10 to 28 node
2023-01-30 13:53:54,594 - root - INFO - Moving Service 1_05 from 14 to 49 node
2023-01-30 13:53:54,594 - root - INFO - Moving Service 0_01 from 17 to 2 node
2023-01-30 13:53:54,594 - root - INFO - Moving Service 1_04 from 20 to 44 node
2023-01-30 13:53:54,594 - root - INFO - Moving Service 4_05 from 21 to 29 node
2023-01-30 13:53:54,594 - root - INFO - Moving Service 0_05 from 23 to 20 node
2023-01-30 13:53:54,595 - root - INFO - Moving Service 4_04 from 24 to 20 node
2023-01-30 13:53:54,595 - root - INFO - Moving Service 2_03 from 25 to 19 node
2023-01-30 13:53:54,595 - root - INFO - Moving Service 1_06 from 28 to 17 node
2023-01-30 13:53:54,595 - root - INFO - Moving Service 3_01 from 29 to 53 node
2023-01-30 13:53:54,595 - root - INFO - Moving Service 0_06 from 35 to 18 node
2023-01-30 13:53:54,595 - root - INFO - Moving Service 1_02 from 35 to 29 node
2023-01-30 13:53:54,595 - root - INFO - Moving Service 3_05 from 37 to 19 node
2023-01-30 13:53:54,595 - root - INFO - Moving Service 3_02 from 39 to 40 node
2023-01-30 13:53:54,596 - root - INFO - Moving Service 3_03 from 45 to 26 node
2023-01-30 13:53:54,596 - root - INFO - Moving Service 2_06 from 46 to 22 node
2023-01-30 13:53:54,596 - root - INFO - Moving Service 3_04 from 46 to 0 node
2023-01-30 13:53:54,596 - root - INFO - Moving Service 4_02 from 51 to 30 node
2023-01-30 13:53:54,596 - root - INFO - Moving Service 1_01 from 53 to 59 node
2023-01-30 13:53:54,596 - root - INFO - Moving Service 2_02 from 55 to 41 node
2023-01-30 13:53:54,596 - root - INFO - Moving Service 2_05 from 55 to 43 node
2023-01-30 13:53:54,596 - root - INFO - Moving Service 4_03 from 59 to 42 node
2023-01-30 13:53:54,597 - root - INFO - Moving Service 0_04 from 62 to 11 node
2023-01-30 13:53:54,597 - root - INFO - Moving Service 2_01 from 62 to 16 node
2023-01-30 13:53:54,598 - yafs.core - CRITICAL - Make sure that this node has been removed or it has all mandatory attributes - Node: DES:301
2023-01-30 13:53:54,598 - yafs.core - CRITICAL - Make sure that this node has been removed or it has all mandatory attributes - Node: DES:288
2023-01-30 13:53:54,598 - yafs.core - WARNING - (#DES:301)	--- Unreacheable DST:	1_(0-3) 
2023-01-30 13:53:54,599 - yafs.core - CRITICAL - Make sure that this node has been removed or it has all mandatory attributes - Node: DES:293
2023-01-30 13:53:54,599 - yafs.core - CRITICAL - Make sure that this node has been removed or it has all mandatory attributes - Node: DES:275
2023-01-30 13:53:54,600 - yafs.core - CRITICAL - Make sure that this node has been removed or it has all mandatory attributes - Node: DES:295
2023-01-30 13:53:54,600 - yafs.core - WARNING - (#DES:295)	--- Unreacheable DST:	3_(0-4) 
2023-01-30 13:53:54,600 - yafs.core - CRITICAL - Make sure that this node has been removed or it has all mandatory attributes - Node: DES:285
2023-01-30 13:53:54,600 - yafs.core - WARNING - (#DES:285)	--- Unreacheable DST:	2_(0-4) 
2023-01-30 13:53:54,601 - yafs.core - CRITICAL - Make sure that this node has been removed or it has all mandatory attributes - Node: DES:299
2023-01-30 13:53:54,601 - yafs.core - WARNING - (#DES:299)	--- Unreacheable DST:	2_(0-6) 
2023-01-30 13:53:54,601 - yafs.core - CRITICAL - Make sure that this node has been removed or it has all mandatory attributes - Node: DES:277
2023-01-30 13:53:54,601 - yafs.core - WARNING - (#DES:277)	--- Unreacheable DST:	4_(0-5) 
2023-01-30 13:53:54,602 - yafs.core - CRITICAL - Make sure that this node has been removed or it has all mandatory attributes - Node: DES:300
2023-01-30 13:53:54,603 - yafs.core - CRITICAL - Make sure that this node has been removed or it has all mandatory attributes - Node: DES:302
2023-01-30 13:53:54,603 - yafs.core - WARNING - (#DES:302)	--- Unreacheable DST:	0_(0-6) 
2023-01-30 13:53:54,694 - root - INFO - Activating Custom process - number 10 
2023-01-30 13:53:54,695 - root - INFO - Moving Service 3_04 from 0 to 7 node
2023-01-30 13:53:54,696 - root - INFO - Moving Service 4_01 from 1 to 5 node
2023-01-30 13:53:54,696 - root - INFO - Moving Service 3_06 from 4 to 33 node
2023-01-30 13:53:54,697 - root - INFO - Moving Service 2_04 from 5 to 46 node
2023-01-30 13:53:54,697 - root - INFO - Moving Service 0_04 from 11 to 44 node
2023-01-30 13:53:54,698 - root - INFO - Moving Service 2_01 from 16 to 33 node
2023-01-30 13:53:54,698 - root - INFO - Moving Service 1_06 from 17 to 25 node
2023-01-30 13:53:54,699 - root - INFO - Moving Service 0_06 from 18 to 9 node
2023-01-30 13:53:54,699 - root - INFO - Moving Service 2_03 from 19 to 0 node
2023-01-30 13:53:54,700 - root - INFO - Moving Service 3_05 from 19 to 8 node
2023-01-30 13:53:54,700 - root - INFO - Moving Service 0_05 from 20 to 38 node
2023-01-30 13:53:54,700 - root - INFO - Moving Service 4_04 from 20 to 33 node
2023-01-30 13:53:54,701 - root - INFO - Moving Service 2_06 from 22 to 55 node
2023-01-30 13:53:54,701 - root - INFO - Moving Service 3_03 from 26 to 57 node
2023-01-30 13:53:54,702 - root - INFO - Moving Service 1_03 from 28 to 20 node
2023-01-30 13:53:54,702 - root - INFO - Moving Service 1_02 from 29 to 58 node
2023-01-30 13:53:54,702 - root - INFO - Moving Service 4_05 from 29 to 27 node
2023-01-30 13:53:54,702 - root - INFO - Moving Service 4_02 from 30 to 50 node
2023-01-30 13:53:54,703 - root - INFO - Moving Service 3_02 from 40 to 62 node
2023-01-30 13:53:54,704 - root - INFO - Moving Service 2_02 from 41 to 10 node
2023-01-30 13:53:54,704 - root - INFO - Moving Service 4_03 from 42 to 47 node
2023-01-30 13:53:54,705 - root - INFO - Moving Service 2_05 from 43 to 26 node
2023-01-30 13:53:54,705 - root - INFO - Moving Service 1_04 from 44 to 3 node
2023-01-30 13:53:54,706 - root - INFO - Moving Service 0_02 from 45 to 44 node
2023-01-30 13:53:54,707 - root - INFO - Moving Service 1_05 from 49 to 48 node
2023-01-30 13:53:54,707 - root - INFO - Moving Service 3_01 from 53 to 62 node
2023-01-30 13:53:54,708 - root - INFO - Moving Service 1_01 from 59 to 20 node
2023-01-30 13:53:54,708 - root - INFO - Moving Service 0_03 from 60 to 11 node
2023-01-30 13:53:54,709 - root - INFO - Moving Service 4_06 from 61 to 16 node
2023-01-30 13:53:54,712 - yafs.core - CRITICAL - Make sure that this node has been removed or it has all mandatory attributes - Node: DES:311
2023-01-30 13:53:54,713 - yafs.core - CRITICAL - Make sure that this node has been removed or it has all mandatory attributes - Node: DES:305
2023-01-30 13:53:54,713 - yafs.core - WARNING - (#DES:311)	--- Unreacheable DST:	1_(0-5) 
2023-01-30 13:53:54,714 - yafs.core - CRITICAL - Make sure that this node has been removed or it has all mandatory attributes - Node: DES:324
2023-01-30 13:53:54,715 - yafs.core - WARNING - (#DES:324)	--- Unreacheable DST:	3_(0-5) 
2023-01-30 13:53:54,715 - yafs.core - CRITICAL - Make sure that this node has been removed or it has all mandatory attributes - Node: DES:321
2023-01-30 13:53:54,715 - yafs.core - WARNING - (#DES:321)	--- Unreacheable DST:	3_(0-3) 
2023-01-30 13:53:54,717 - yafs.core - CRITICAL - Make sure that this node has been removed or it has all mandatory attributes - Node: DES:306
2023-01-30 13:53:54,717 - yafs.core - CRITICAL - Make sure that this node has been removed or it has all mandatory attributes - Node: DES:330
2023-01-30 13:53:54,717 - yafs.core - WARNING - (#DES:306)	--- Unreacheable DST:	2_(0-5) 
2023-01-30 13:53:54,717 - yafs.core - WARNING - (#DES:330)	--- Unreacheable DST:	0_(0-5) 
2023-01-30 13:53:54,719 - yafs.core - CRITICAL - Make sure that this node has been removed or it has all mandatory attributes - Node: DES:329
2023-01-30 13:53:54,719 - yafs.core - CRITICAL - Make sure that this node has been removed or it has all mandatory attributes - Node: DES:318
2023-01-30 13:53:54,719 - yafs.core - WARNING - (#DES:329)	--- Unreacheable DST:	4_(0-4) 
2023-01-30 13:53:54,719 - yafs.core - CRITICAL - Make sure that this node has been removed or it has all mandatory attributes - Node: DES:316
2023-01-30 13:53:54,820 - root - INFO - Activating Custom process - number 11 
2023-01-30 13:53:54,820 - root - INFO - Moving Service 2_03 from 0 to 39 node
2023-01-30 13:53:54,820 - root - INFO - Moving Service 0_01 from 2 to 33 node
2023-01-30 13:53:54,820 - root - INFO - Moving Service 1_04 from 3 to 22 node
2023-01-30 13:53:54,820 - root - INFO - Moving Service 4_01 from 5 to 15 node
2023-01-30 13:53:54,820 - root - INFO - Moving Service 3_04 from 7 to 6 node
2023-01-30 13:53:54,821 - root - INFO - Moving Service 3_05 from 8 to 24 node
2023-01-30 13:53:54,821 - root - INFO - Moving Service 0_06 from 9 to 36 node
2023-01-30 13:53:54,821 - root - INFO - Moving Service 2_02 from 10 to 60 node
2023-01-30 13:53:54,821 - root - INFO - Moving Service 0_03 from 11 to 21 node
2023-01-30 13:53:54,821 - root - INFO - Moving Service 4_06 from 16 to 31 node
2023-01-30 13:53:54,821 - root - INFO - Moving Service 1_01 from 20 to 46 node
2023-01-30 13:53:54,821 - root - INFO - Moving Service 1_03 from 20 to 7 node
2023-01-30 13:53:54,821 - root - INFO - Moving Service 1_06 from 25 to 51 node
2023-01-30 13:53:54,822 - root - INFO - Moving Service 2_05 from 26 to 45 node
2023-01-30 13:53:54,822 - root - INFO - Moving Service 4_05 from 27 to 13 node
2023-01-30 13:53:54,822 - root - INFO - Moving Service 3_06 from 33 to 61 node
2023-01-30 13:53:54,822 - root - INFO - Moving Service 4_04 from 33 to 8 node
2023-01-30 13:53:54,822 - root - INFO - Moving Service 0_05 from 38 to 5 node
2023-01-30 13:53:54,822 - root - INFO - Moving Service 0_02 from 44 to 27 node
2023-01-30 13:53:54,822 - root - INFO - Moving Service 0_04 from 44 to 23 node
2023-01-30 13:53:54,822 - root - INFO - Moving Service 2_04 from 46 to 32 node
2023-01-30 13:53:54,822 - root - INFO - Moving Service 4_03 from 47 to 28 node
2023-01-30 13:53:54,823 - root - INFO - Moving Service 1_05 from 48 to 33 node
2023-01-30 13:53:54,823 - root - INFO - Moving Service 4_02 from 50 to 58 node
2023-01-30 13:53:54,823 - root - INFO - Moving Service 2_06 from 55 to 44 node
2023-01-30 13:53:54,823 - root - INFO - Moving Service 3_03 from 57 to 4 node
2023-01-30 13:53:54,823 - root - INFO - Moving Service 1_02 from 58 to 45 node
2023-01-30 13:53:54,823 - root - INFO - Moving Service 3_02 from 62 to 13 node
2023-01-30 13:53:54,824 - yafs.core - CRITICAL - Make sure that this node has been removed or it has all mandatory attributes - Node: DES:335
2023-01-30 13:53:54,824 - yafs.core - WARNING - (#DES:335)	--- Unreacheable DST:	2_(0-5) 
2023-01-30 13:53:54,824 - yafs.core - CRITICAL - Make sure that this node has been removed or it has all mandatory attributes - Node: DES:354
2023-01-30 13:53:54,825 - yafs.core - CRITICAL - Make sure that this node has been removed or it has all mandatory attributes - Node: DES:347
2023-01-30 13:53:54,825 - yafs.core - WARNING - (#DES:354)	--- Unreacheable DST:	1_(0-5) 
2023-01-30 13:53:54,825 - yafs.core - WARNING - (#DES:347)	--- Unreacheable DST:	1_(0-3) 
2023-01-30 13:53:54,825 - yafs.core - CRITICAL - Make sure that this node has been removed or it has all mandatory attributes - Node: DES:343
2023-01-30 13:53:54,825 - yafs.core - WARNING - (#DES:343)	--- Unreacheable DST:	4_(0-5) 
2023-01-30 13:53:54,825 - yafs.core - CRITICAL - Make sure that this node has been removed or it has all mandatory attributes - Node: DES:344
2023-01-30 13:53:54,826 - yafs.core - CRITICAL - Make sure that this node has been removed or it has all mandatory attributes - Node: DES:359
2023-01-30 13:53:54,826 - yafs.core - WARNING - (#DES:359)	--- Unreacheable DST:	0_(0-4) 
2023-01-30 13:53:54,827 - yafs.core - CRITICAL - Make sure that this node has been removed or it has all mandatory attributes - Node: DES:360
2023-01-30 13:53:54,827 - yafs.core - CRITICAL - Make sure that this node has been removed or it has all mandatory attributes - Node: DES:342
2023-01-30 13:53:54,828 - yafs.core - WARNING - (#DES:342)	--- Unreacheable DST:	0_(0-6) 
2023-01-30 13:53:54,829 - yafs.core - CRITICAL - Make sure that this node has been removed or it has all mandatory attributes - Node: DES:332
2023-01-30 13:53:54,829 - yafs.core - WARNING - (#DES:332)	--- Unreacheable DST:	3_(0-5) 
2023-01-30 13:53:54,933 - root - INFO - Activating Custom process - number 12 
2023-01-30 13:53:54,934 - root - INFO - Moving Service 3_03 from 4 to 25 node
2023-01-30 13:53:54,934 - root - INFO - Moving Service 0_05 from 5 to 47 node
2023-01-30 13:53:54,934 - root - INFO - Moving Service 1_03 from 7 to 43 node
2023-01-30 13:53:54,934 - root - INFO - Moving Service 4_04 from 8 to 50 node
2023-01-30 13:53:54,934 - root - INFO - Moving Service 3_02 from 13 to 32 node
2023-01-30 13:53:54,934 - root - INFO - Moving Service 4_05 from 13 to 62 node
2023-01-30 13:53:54,935 - root - INFO - Moving Service 4_01 from 15 to 12 node
2023-01-30 13:53:54,935 - root - INFO - Moving Service 0_03 from 21 to 60 node
2023-01-30 13:53:54,935 - root - INFO - Moving Service 1_04 from 22 to 35 node
2023-01-30 13:53:54,935 - root - INFO - Moving Service 0_04 from 23 to 35 node
2023-01-30 13:53:54,935 - root - INFO - Moving Service 3_05 from 24 to 4 node
2023-01-30 13:53:54,935 - root - INFO - Moving Service 0_02 from 27 to 34 node
2023-01-30 13:53:54,936 - root - INFO - Moving Service 4_03 from 28 to 60 node
2023-01-30 13:53:54,936 - root - INFO - Moving Service 4_06 from 31 to 55 node
2023-01-30 13:53:54,936 - root - INFO - Moving Service 2_04 from 32 to 60 node
2023-01-30 13:53:54,936 - root - INFO - Moving Service 0_01 from 33 to 56 node
2023-01-30 13:53:54,936 - root - INFO - Moving Service 1_05 from 33 to 5 node
2023-01-30 13:53:54,936 - root - INFO - Moving Service 2_01 from 33 to 5 node
2023-01-30 13:53:54,936 - root - INFO - Moving Service 0_06 from 36 to 59 node
2023-01-30 13:53:54,936 - root - INFO - Moving Service 2_03 from 39 to 36 node
2023-01-30 13:53:54,937 - root - INFO - Moving Service 2_06 from 44 to 51 node
2023-01-30 13:53:54,937 - root - INFO - Moving Service 1_02 from 45 to 39 node
2023-01-30 13:53:54,937 - root - INFO - Moving Service 1_01 from 46 to 4 node
2023-01-30 13:53:54,937 - root - INFO - Moving Service 1_06 from 51 to 35 node
2023-01-30 13:53:54,937 - root - INFO - Moving Service 4_02 from 58 to 10 node
2023-01-30 13:53:54,937 - root - INFO - Moving Service 2_02 from 60 to 35 node
2023-01-30 13:53:54,937 - root - INFO - Moving Service 3_06 from 61 to 7 node
2023-01-30 13:53:54,937 - root - INFO - Moving Service 3_01 from 62 to 53 node
2023-01-30 13:53:54,938 - yafs.core - CRITICAL - Make sure that this node has been removed or it has all mandatory attributes - Node: DES:373
2023-01-30 13:53:54,939 - yafs.core - CRITICAL - Make sure that this node has been removed or it has all mandatory attributes - Node: DES:382
2023-01-30 13:53:54,939 - yafs.core - WARNING - (#DES:382)	--- Unreacheable DST:	4_(0-4) 
2023-01-30 13:53:54,940 - yafs.core - CRITICAL - Make sure that this node has been removed or it has all mandatory attributes - Node: DES:386
2023-01-30 13:53:54,940 - yafs.core - CRITICAL - Make sure that this node has been removed or it has all mandatory attributes - Node: DES:376
2023-01-30 13:53:54,940 - yafs.core - WARNING - (#DES:386)	--- Unreacheable DST:	3_(0-4) 
2023-01-30 13:53:54,941 - yafs.core - CRITICAL - Make sure that this node has been removed or it has all mandatory attributes - Node: DES:380
2023-01-30 13:53:54,941 - yafs.core - WARNING - (#DES:380)	--- Unreacheable DST:	0_(0-5) 
2023-01-30 13:53:54,941 - yafs.core - CRITICAL - Make sure that this node has been removed or it has all mandatory attributes - Node: DES:361
2023-01-30 13:53:54,942 - yafs.core - WARNING - (#DES:361)	--- Unreacheable DST:	2_(0-4) 
2023-01-30 13:53:54,942 - yafs.core - CRITICAL - Make sure that this node has been removed or it has all mandatory attributes - Node: DES:383
2023-01-30 13:53:54,942 - yafs.core - WARNING - (#DES:383)	--- Unreacheable DST:	1_(0-6) 
2023-01-30 13:53:54,943 - yafs.core - CRITICAL - Make sure that this node has been removed or it has all mandatory attributes - Node: DES:370
2023-01-30 13:53:54,944 - yafs.core - CRITICAL - Make sure that this node has been removed or it has all mandatory attributes - Node: DES:369
2023-01-30 13:53:54,945 - yafs.core - WARNING - (#DES:369)	--- Unreacheable DST:	0_(0-4) 
2023-01-30 13:53:55,073 - root - INFO - Activating Custom process - number 13 
2023-01-30 13:53:55,073 - root - INFO - Moving Service 1_01 from 4 to 59 node
2023-01-30 13:53:55,073 - root - INFO - Moving Service 3_05 from 4 to 60 node
2023-01-30 13:53:55,073 - root - INFO - Moving Service 1_05 from 5 to 26 node
2023-01-30 13:53:55,073 - root - INFO - Moving Service 2_01 from 5 to 51 node
2023-01-30 13:53:55,074 - root - INFO - Moving Service 3_04 from 6 to 17 node
2023-01-30 13:53:55,074 - root - INFO - Moving Service 3_06 from 7 to 21 node
2023-01-30 13:53:55,074 - root - INFO - Moving Service 4_02 from 10 to 59 node
2023-01-30 13:53:55,074 - root - INFO - Moving Service 4_01 from 12 to 9 node
2023-01-30 13:53:55,075 - root - INFO - Moving Service 3_03 from 25 to 23 node
2023-01-30 13:53:55,075 - root - INFO - Moving Service 3_02 from 32 to 20 node
2023-01-30 13:53:55,075 - root - INFO - Moving Service 0_02 from 34 to 17 node
2023-01-30 13:53:55,075 - root - INFO - Moving Service 0_04 from 35 to 33 node
2023-01-30 13:53:55,075 - root - INFO - Moving Service 1_04 from 35 to 59 node
2023-01-30 13:53:55,075 - root - INFO - Moving Service 1_06 from 35 to 40 node
2023-01-30 13:53:55,075 - root - INFO - Moving Service 2_03 from 36 to 18 node
2023-01-30 13:53:55,075 - root - INFO - Moving Service 1_02 from 39 to 26 node
2023-01-30 13:53:55,076 - root - INFO - Moving Service 1_03 from 43 to 14 node
2023-01-30 13:53:55,076 - root - INFO - Moving Service 2_05 from 45 to 23 node
2023-01-30 13:53:55,076 - root - INFO - Moving Service 0_05 from 47 to 57 node
2023-01-30 13:53:55,076 - root - INFO - Moving Service 4_04 from 50 to 46 node
2023-01-30 13:53:55,076 - root - INFO - Moving Service 2_06 from 51 to 60 node
2023-01-30 13:53:55,076 - root - INFO - Moving Service 3_01 from 53 to 42 node
2023-01-30 13:53:55,076 - root - INFO - Moving Service 4_06 from 55 to 16 node
2023-01-30 13:53:55,076 - root - INFO - Moving Service 0_01 from 56 to 1 node
2023-01-30 13:53:55,077 - root - INFO - Moving Service 0_06 from 59 to 46 node
2023-01-30 13:53:55,077 - root - INFO - Moving Service 0_03 from 60 to 10 node
2023-01-30 13:53:55,077 - root - INFO - Moving Service 2_04 from 60 to 32 node
2023-01-30 13:53:55,077 - root - INFO - Moving Service 4_03 from 60 to 21 node
2023-01-30 13:53:55,077 - root - INFO - Moving Service 4_05 from 62 to 5 node
2023-01-30 13:53:55,079 - yafs.core - CRITICAL - Make sure that this node has been removed or it has all mandatory attributes - Node: DES:400
2023-01-30 13:53:55,079 - yafs.core - WARNING - (#DES:400)	--- Unreacheable DST:	0_(0-3) 
2023-01-30 13:53:55,080 - yafs.core - CRITICAL - Make sure that this node has been removed or it has all mandatory attributes - Node: DES:398
2023-01-30 13:53:55,080 - yafs.core - WARNING - (#DES:398)	--- Unreacheable DST:	0_(0-5) 
2023-01-30 13:53:55,080 - yafs.core - CRITICAL - Make sure that this node has been removed or it has all mandatory attributes - Node: DES:365
2023-01-30 13:53:55,081 - yafs.core - WARNING - (#DES:365)	--- Unreacheable DST:	3_(0-5) 
2023-01-30 13:53:55,082 - yafs.core - CRITICAL - Make sure that this node has been removed or it has all mandatory attributes - Node: DES:397
2023-01-30 13:53:55,082 - yafs.core - WARNING - (#DES:397)	--- Unreacheable DST:	1_(0-5) 
2023-01-30 13:53:55,083 - yafs.core - CRITICAL - Make sure that this node has been removed or it has all mandatory attributes - Node: DES:402
2023-01-30 13:53:55,083 - yafs.core - CRITICAL - Make sure that this node has been removed or it has all mandatory attributes - Node: DES:393
2023-01-30 13:53:55,083 - yafs.core - WARNING - (#DES:393)	--- Unreacheable DST:	3_(0-3) 
2023-01-30 13:53:55,083 - yafs.core - CRITICAL - Make sure that this node has been removed or it has all mandatory attributes - Node: DES:412
2023-01-30 13:53:55,084 - yafs.core - CRITICAL - Make sure that this node has been removed or it has all mandatory attributes - Node: DES:392
2023-01-30 13:53:55,084 - yafs.core - WARNING - (#DES:392)	--- Unreacheable DST:	4_(0-5) 
2023-01-30 13:53:55,084 - yafs.core - CRITICAL - Make sure that this node has been removed or it has all mandatory attributes - Node: DES:403
2023-01-30 13:53:55,085 - yafs.core - WARNING - (#DES:403)	--- Unreacheable DST:	2_(0-5) 
2023-01-30 13:53:55,085 - yafs.core - CRITICAL - Make sure that this node has been removed or it has all mandatory attributes - Node: DES:407
2023-01-30 13:53:55,086 - yafs.core - CRITICAL - Make sure that this node has been removed or it has all mandatory attributes - Node: DES:409
2023-01-30 13:53:55,210 - root - INFO - Activating Custom process - number 14 
2023-01-30 13:53:55,211 - root - INFO - Moving Service 0_01 from 1 to 25 node
2023-01-30 13:53:55,211 - root - INFO - Moving Service 4_05 from 5 to 13 node
2023-01-30 13:53:55,211 - root - INFO - Moving Service 4_01 from 9 to 34 node
2023-01-30 13:53:55,211 - root - INFO - Moving Service 0_03 from 10 to 25 node
2023-01-30 13:53:55,211 - root - INFO - Moving Service 1_03 from 14 to 17 node
2023-01-30 13:53:55,211 - root - INFO - Moving Service 4_06 from 16 to 20 node
2023-01-30 13:53:55,212 - root - INFO - Moving Service 0_02 from 17 to 18 node
2023-01-30 13:53:55,212 - root - INFO - Moving Service 3_04 from 17 to 37 node
2023-01-30 13:53:55,212 - root - INFO - Moving Service 2_03 from 18 to 51 node
2023-01-30 13:53:55,212 - root - INFO - Moving Service 3_02 from 20 to 25 node
2023-01-30 13:53:55,212 - root - INFO - Moving Service 3_06 from 21 to 52 node
2023-01-30 13:53:55,212 - root - INFO - Moving Service 4_03 from 21 to 41 node
2023-01-30 13:53:55,213 - root - INFO - Moving Service 2_05 from 23 to 56 node
2023-01-30 13:53:55,213 - root - INFO - Moving Service 3_03 from 23 to 37 node
2023-01-30 13:53:55,213 - root - INFO - Moving Service 1_02 from 26 to 6 node
2023-01-30 13:53:55,213 - root - INFO - Moving Service 1_05 from 26 to 42 node
2023-01-30 13:53:55,214 - root - INFO - Moving Service 2_04 from 32 to 27 node
2023-01-30 13:53:55,214 - root - INFO - Moving Service 0_04 from 33 to 55 node
2023-01-30 13:53:55,214 - root - INFO - Moving Service 2_02 from 35 to 52 node
2023-01-30 13:53:55,214 - root - INFO - Moving Service 1_06 from 40 to 41 node
2023-01-30 13:53:55,214 - root - INFO - Moving Service 3_01 from 42 to 0 node
2023-01-30 13:53:55,214 - root - INFO - Moving Service 0_06 from 46 to 37 node
2023-01-30 13:53:55,214 - root - INFO - Moving Service 4_04 from 46 to 11 node
2023-01-30 13:53:55,215 - root - INFO - Moving Service 2_01 from 51 to 26 node
2023-01-30 13:53:55,215 - root - INFO - Moving Service 0_05 from 57 to 22 node
2023-01-30 13:53:55,215 - root - INFO - Moving Service 1_01 from 59 to 9 node
2023-01-30 13:53:55,215 - root - INFO - Moving Service 1_04 from 59 to 21 node
2023-01-30 13:53:55,215 - root - INFO - Moving Service 4_02 from 59 to 17 node
2023-01-30 13:53:55,215 - root - INFO - Moving Service 2_06 from 60 to 48 node
2023-01-30 13:53:55,215 - root - INFO - Moving Service 3_05 from 60 to 42 node
2023-01-30 13:53:55,216 - yafs.core - CRITICAL - Make sure that this node has been removed or it has all mandatory attributes - Node: DES:441
2023-01-30 13:53:55,217 - yafs.core - CRITICAL - Make sure that this node has been removed or it has all mandatory attributes - Node: DES:431
2023-01-30 13:53:55,217 - yafs.core - WARNING - (#DES:431)	--- Unreacheable DST:	2_(0-4) 
2023-01-30 13:53:55,218 - yafs.core - CRITICAL - Make sure that this node has been removed or it has all mandatory attributes - Node: DES:422
2023-01-30 13:53:55,218 - yafs.core - CRITICAL - Make sure that this node has been removed or it has all mandatory attributes - Node: DES:445
2023-01-30 13:53:55,219 - yafs.core - WARNING - (#DES:445)	--- Unreacheable DST:	4_(0-6) 
2023-01-30 13:53:55,219 - yafs.core - CRITICAL - Make sure that this node has been removed or it has all mandatory attributes - Node: DES:419
2023-01-30 13:53:55,219 - yafs.core - WARNING - (#DES:419)	--- Unreacheable DST:	1_(0-6) 
2023-01-30 13:53:55,220 - yafs.core - CRITICAL - Make sure that this node has been removed or it has all mandatory attributes - Node: DES:421
2023-01-30 13:53:55,220 - yafs.core - WARNING - (#DES:421)	--- Unreacheable DST:	3_(0-5) 
2023-01-30 13:53:55,220 - yafs.core - CRITICAL - Make sure that this node has been removed or it has all mandatory attributes - Node: DES:435
2023-01-30 13:53:55,220 - yafs.core - WARNING - (#DES:435)	--- Unreacheable DST:	0_(0-6) 
2023-01-30 13:53:55,221 - yafs.core - CRITICAL - Make sure that this node has been removed or it has all mandatory attributes - Node: DES:437
2023-01-30 13:53:55,222 - yafs.core - CRITICAL - Make sure that this node has been removed or it has all mandatory attributes - Node: DES:444
2023-01-30 13:53:55,222 - yafs.core - WARNING - (#DES:444)	--- Unreacheable DST:	4_(0-4) 
